Build started 2012-06-13 PM 10:27:36.
     1>Project "D:\课程\大四下\毕设\Project\09. Controller Demo\BaseK\BaseK.vcxproj" on node 2 (build target(s)).
     1>InitializeBuildStatus:
         Creating "Release\BaseK.unsuccessfulbuild" because "AlwaysCreate" was specified.
       ClCompile:
         D:\Microsoft Visual Studio 10.0\VC\bin\CL.exe /c /Zi /nologo /W3 /WX- /O2 /Oi /Oy- /GL /D _MBCS /Gm- /EHsc /MD /GS /Gy /fp:precise /Zc:wchar_t /Zc:forScope /Fo"Release\\" /Fd"Release\vc100.pdb" /Gd /TP /analyze- /errorReport:prompt ..\BaseK.cpp
         BaseK.cpp
     1>..\BaseK.cpp(258): warning C4244: '=' : conversion from 'float' to 'int', possible loss of data
     1>..\BaseK.cpp(259): warning C4244: '=' : conversion from 'float' to 'int', possible loss of data
     1>..\BaseK.cpp(309): warning C4244: '=' : conversion from 'float' to 'int', possible loss of data
     1>..\BaseK.cpp(310): warning C4244: '=' : conversion from 'float' to 'int', possible loss of data
     1>..\BaseK.cpp(311): warning C4244: '=' : conversion from 'float' to 'int', possible loss of data
     1>..\BaseK.cpp(312): warning C4244: '=' : conversion from 'float' to 'int', possible loss of data
       Link:
         D:\Microsoft Visual Studio 10.0\VC\bin\link.exe /ERRORREPORT:PROMPT /OUT:"D:\课程\大四下\毕设\Project\09. Controller Demo\Release\BaseK.exe" /NOLOGO Kinect10.lib winmm.lib kernel32.lib user32.lib gdi32.lib winspool.lib comdlg32.lib advapi32.lib shell32.lib ole32.lib oleaut32.lib uuid.lib odbc32.lib odbccp32.lib /MANIFEST /ManifestFile:"Release\BaseK.exe.intermediate.manifest" /MANIFESTUAC:"level='asInvoker' uiAccess='false'" /DEBUG /PDB:"D:\课程\大四下\毕设\Project\09. Controller Demo\Release\BaseK.pdb" /OPT:REF /OPT:ICF /LTCG /TLBID:1 /DYNAMICBASE /NXCOMPAT /IMPLIB:"D:\课程\大四下\毕设\Project\09. Controller Demo\Release\BaseK.lib" /MACHINE:X86 Release\BaseK.obj
         Generating code
         Finished generating code
         BaseK.vcxproj -> D:\课程\大四下\毕设\Project\09. Controller Demo\Release\BaseK.exe
       Manifest:
         C:\Program Files\Microsoft SDKs\Windows\v7.0A\bin\mt.exe /nologo /verbose /outputresource:"D:\课程\大四下\毕设\Project\09. Controller Demo\Release\BaseK.exe;#1" /manifest Release\BaseK.exe.intermediate.manifest
       FinalizeBuildStatus:
         Deleting file "Release\BaseK.unsuccessfulbuild".
         Touching "Release\BaseK.lastbuildstate".
     1>Done Building Project "D:\课程\大四下\毕设\Project\09. Controller Demo\BaseK\BaseK.vcxproj" (build target(s)).

Build succeeded.

Time Elapsed 00:00:01.74
