D:\课程\大四下\毕设\PROJECT\01. DEMO\RELEASE\3DPROJECTS.EXE
D:\课程\大四下\毕设\PROJECT\01. DEMO\RELEASE\3DPROJECTS.OBJ
D:\课程\大四下\毕设\PROJECT\01. DEMO\RELEASE\3DPROJECTS.PCH
D:\课程\大四下\毕设\PROJECT\01. DEMO\RELEASE\3DPROJECTS.PDB
D:\课程\大四下\毕设\PROJECT\01. DEMO\RELEASE\3DPROJECTS.RES
D:\课程\大四下\毕设\PROJECT\01. DEMO\RELEASE\ALLOCATEHIERARCHY.OBJ
D:\课程\大四下\毕设\PROJECT\01. DEMO\RELEASE\DXUT.OBJ
D:\课程\大四下\毕设\PROJECT\01. DEMO\RELEASE\DXUTCAMERA.OBJ
D:\课程\大四下\毕设\PROJECT\01. DEMO\RELEASE\DXUTENUM.OBJ
D:\课程\大四下\毕设\PROJECT\01. DEMO\RELEASE\DXUTGUI.OBJ
D:\课程\大四下\毕设\PROJECT\01. DEMO\RELEASE\DXUTMISC.OBJ
D:\课程\大四下\毕设\PROJECT\01. DEMO\RELEASE\DXUTRES.OBJ
D:\课程\大四下\毕设\PROJECT\01. DEMO\RELEASE\DXUTSETTINGSDLG.OBJ
D:\课程\大四下\毕设\PROJECT\01. DEMO\RELEASE\SDKMISC.OBJ
D:\课程\大四下\毕设\PROJECT\01. DEMO\RELEASE\SKINMESH.OBJ
D:\课程\大四下\毕设\PROJECT\01. DEMO\RELEASE\VC100.PDB
D:\课程\大四下\毕设\PROJECT\04. 3D+场景\RELEASE\3DPROJECTS.EXE
D:\课程\大四下\毕设\PROJECT\04. 3D+场景\RELEASE\3DPROJECTS.OBJ
D:\课程\大四下\毕设\PROJECT\04. 3D+场景\RELEASE\3DPROJECTS.PCH
D:\课程\大四下\毕设\PROJECT\04. 3D+场景\RELEASE\3DPROJECTS.PDB
D:\课程\大四下\毕设\PROJECT\04. 3D+场景\RELEASE\3DPROJECTS.RES
D:\课程\大四下\毕设\PROJECT\04. 3D+场景\RELEASE\ALLOCATEHIERARCHY.OBJ
D:\课程\大四下\毕设\Project\04. 3D+场景\Release\cl.command.1.tlog
D:\课程\大四下\毕设\Project\04. 3D+场景\Release\CL.read.1.tlog
D:\课程\大四下\毕设\Project\04. 3D+场景\Release\CL.write.1.tlog
D:\课程\大四下\毕设\PROJECT\04. 3D+场景\RELEASE\DXUT.OBJ
D:\课程\大四下\毕设\PROJECT\04. 3D+场景\RELEASE\DXUTCAMERA.OBJ
D:\课程\大四下\毕设\PROJECT\04. 3D+场景\RELEASE\DXUTENUM.OBJ
D:\课程\大四下\毕设\PROJECT\04. 3D+场景\RELEASE\DXUTGUI.OBJ
D:\课程\大四下\毕设\PROJECT\04. 3D+场景\RELEASE\DXUTMISC.OBJ
D:\课程\大四下\毕设\PROJECT\04. 3D+场景\RELEASE\DXUTRES.OBJ
D:\课程\大四下\毕设\PROJECT\04. 3D+场景\RELEASE\DXUTSETTINGSDLG.OBJ
D:\课程\大四下\毕设\Project\04. 3D+场景\Release\link.command.1.tlog
D:\课程\大四下\毕设\Project\04. 3D+场景\Release\link.read.1.tlog
D:\课程\大四下\毕设\Project\04. 3D+场景\Release\link.write.1.tlog
D:\课程\大四下\毕设\Project\04. 3D+场景\Release\link-cvtres.read.1.tlog
D:\课程\大四下\毕设\Project\04. 3D+场景\Release\link-cvtres.write.1.tlog
D:\课程\大四下\毕设\Project\04. 3D+场景\Release\rc.command.1.tlog
D:\课程\大四下\毕设\Project\04. 3D+场景\Release\rc.read.1.tlog
D:\课程\大四下\毕设\Project\04. 3D+场景\Release\rc.write.1.tlog
D:\课程\大四下\毕设\PROJECT\04. 3D+场景\RELEASE\SDKMISC.OBJ
D:\课程\大四下\毕设\PROJECT\04. 3D+场景\RELEASE\SKINMESH.OBJ
D:\课程\大四下\毕设\PROJECT\04. 3D+场景\RELEASE\VC100.PDB
D:\课程\大四下\毕设\PROJECT\04. DRAFT\RELEASE\3DPROJECTS.EXE
D:\课程\大四下\毕设\PROJECT\04. DRAFT\RELEASE\3DPROJECTS.OBJ
D:\课程\大四下\毕设\PROJECT\04. DRAFT\RELEASE\3DPROJECTS.PCH
D:\课程\大四下\毕设\PROJECT\04. DRAFT\RELEASE\3DPROJECTS.PDB
D:\课程\大四下\毕设\PROJECT\04. DRAFT\RELEASE\3DPROJECTS.RES
D:\课程\大四下\毕设\PROJECT\04. DRAFT\RELEASE\ALLOCATEHIERARCHY.OBJ
D:\课程\大四下\毕设\PROJECT\04. DRAFT\RELEASE\DXUT.OBJ
D:\课程\大四下\毕设\PROJECT\04. DRAFT\RELEASE\DXUTCAMERA.OBJ
D:\课程\大四下\毕设\PROJECT\04. DRAFT\RELEASE\DXUTENUM.OBJ
D:\课程\大四下\毕设\PROJECT\04. DRAFT\RELEASE\DXUTGUI.OBJ
D:\课程\大四下\毕设\PROJECT\04. DRAFT\RELEASE\DXUTMISC.OBJ
D:\课程\大四下\毕设\PROJECT\04. DRAFT\RELEASE\DXUTRES.OBJ
D:\课程\大四下\毕设\PROJECT\04. DRAFT\RELEASE\DXUTSETTINGSDLG.OBJ
D:\课程\大四下\毕设\PROJECT\04. DRAFT\RELEASE\SDKMISC.OBJ
D:\课程\大四下\毕设\PROJECT\04. DRAFT\RELEASE\SKINMESH.OBJ
D:\课程\大四下\毕设\PROJECT\04. DRAFT\RELEASE\VC100.PDB
D:\课程\大四下\毕设\PROJECT\TRY3D\RELEASE\3DPROJECTS.EXE
D:\课程\大四下\毕设\PROJECT\TRY3D\RELEASE\3DPROJECTS.OBJ
D:\课程\大四下\毕设\PROJECT\TRY3D\RELEASE\3DPROJECTS.PCH
D:\课程\大四下\毕设\PROJECT\TRY3D\RELEASE\3DPROJECTS.PDB
D:\课程\大四下\毕设\PROJECT\TRY3D\RELEASE\3DPROJECTS.RES
D:\课程\大四下\毕设\PROJECT\TRY3D\RELEASE\ALLOCATEHIERARCHY.OBJ
D:\课程\大四下\毕设\PROJECT\TRY3D\RELEASE\DXUT.OBJ
D:\课程\大四下\毕设\PROJECT\TRY3D\RELEASE\DXUTCAMERA.OBJ
D:\课程\大四下\毕设\PROJECT\TRY3D\RELEASE\DXUTENUM.OBJ
D:\课程\大四下\毕设\PROJECT\TRY3D\RELEASE\DXUTGUI.OBJ
D:\课程\大四下\毕设\PROJECT\TRY3D\RELEASE\DXUTMISC.OBJ
D:\课程\大四下\毕设\PROJECT\TRY3D\RELEASE\DXUTRES.OBJ
D:\课程\大四下\毕设\PROJECT\TRY3D\RELEASE\DXUTSETTINGSDLG.OBJ
D:\课程\大四下\毕设\PROJECT\TRY3D\RELEASE\SDKMISC.OBJ
D:\课程\大四下\毕设\PROJECT\TRY3D\RELEASE\SKINMESH.OBJ
D:\课程\大四下\毕设\PROJECT\TRY3D\RELEASE\VC100.PDB
Release\3DprojectS.pdb
